2015-06-26 21:29:03,894 [Worker-1] INFO  org.mortbay.log - Logging to Logger[org.mortbay.log] via org.mortbay.log.Slf4jLog
2015-06-26 21:37:29,738 [Worker-2] INFO  org.mortbay.log - Logging to Logger[org.mortbay.log] via org.mortbay.log.Slf4jLog
2015-06-26 21:44:31,882 [Worker-15] INFO  o.e.m.c.i.l.LifecycleMappingFactory - Using org.maven.ide.eclipse.wtp.WarLifecycleMapping lifecycle mapping for MavenProject: honalolo:honalolo:0.0.1-SNAPSHOT @ C:\Users\vebitot\git\Honalolo\pom.xml.
2015-06-26 21:44:33,335 [Worker-15] INFO  o.e.m.c.i.e.AbstractTransferListenerAdapter - Downloading http://repo.maven.apache.org/maven2/org/springframework/spring-core/3.2.3.RELEASE/spring-core-3.2.3.RELEASE.pom
2015-06-26 21:44:33,898 [Worker-15] INFO  o.e.m.c.i.e.AbstractTransferListenerAdapter - Downloaded http://repo.maven.apache.org/maven2/org/springframework/spring-core/3.2.3.RELEASE/spring-core-3.2.3.RELEASE.pom
2015-06-26 21:44:34,236 [Worker-15] INFO  o.e.m.c.i.e.AbstractTransferListenerAdapter - Downloading http://repo.maven.apache.org/maven2/org/springframework/spring-beans/3.2.3.RELEASE/spring-beans-3.2.3.RELEASE.pom
2015-06-26 21:44:34,743 [Worker-15] INFO  o.e.m.c.i.e.AbstractTransferListenerAdapter - Downloaded http://repo.maven.apache.org/maven2/org/springframework/spring-beans/3.2.3.RELEASE/spring-beans-3.2.3.RELEASE.pom
2015-06-26 21:44:35,008 [Worker-15] INFO  o.e.m.c.i.e.AbstractTransferListenerAdapter - Downloading http://repo.maven.apache.org/maven2/org/springframework/spring-context/3.2.3.RELEASE/spring-context-3.2.3.RELEASE.pom
2015-06-26 21:44:35,518 [Worker-15] INFO  o.e.m.c.i.e.AbstractTransferListenerAdapter - Downloaded http://repo.maven.apache.org/maven2/org/springframework/spring-context/3.2.3.RELEASE/spring-context-3.2.3.RELEASE.pom
2015-06-26 21:44:35,784 [Worker-15] INFO  o.e.m.c.i.e.AbstractTransferListenerAdapter - Downloading http://repo.maven.apache.org/maven2/org/springframework/spring-aop/3.2.3.RELEASE/spring-aop-3.2.3.RELEASE.pom
2015-06-26 21:44:36,377 [Worker-15] INFO  o.e.m.c.i.e.AbstractTransferListenerAdapter - Downloaded http://repo.maven.apache.org/maven2/org/springframework/spring-aop/3.2.3.RELEASE/spring-aop-3.2.3.RELEASE.pom
2015-06-26 21:44:36,665 [Worker-15] INFO  o.e.m.c.i.e.AbstractTransferListenerAdapter - Downloading http://repo.maven.apache.org/maven2/org/springframework/spring-expression/3.2.3.RELEASE/spring-expression-3.2.3.RELEASE.pom
2015-06-26 21:44:37,179 [Worker-15] INFO  o.e.m.c.i.e.AbstractTransferListenerAdapter - Downloaded http://repo.maven.apache.org/maven2/org/springframework/spring-expression/3.2.3.RELEASE/spring-expression-3.2.3.RELEASE.pom
2015-06-26 21:44:37,445 [Worker-15] INFO  o.e.m.c.i.e.AbstractTransferListenerAdapter - Downloading http://repo.maven.apache.org/maven2/org/springframework/spring-web/3.2.3.RELEASE/spring-web-3.2.3.RELEASE.pom
2015-06-26 21:44:38,025 [Worker-15] INFO  o.e.m.c.i.e.AbstractTransferListenerAdapter - Downloaded http://repo.maven.apache.org/maven2/org/springframework/spring-web/3.2.3.RELEASE/spring-web-3.2.3.RELEASE.pom
2015-06-26 21:44:39,204 [Worker-15] INFO  o.e.m.c.i.e.AbstractTransferListenerAdapter - Downloading http://repo.maven.apache.org/maven2/org/springframework/spring-core/3.2.3.RELEASE/spring-core-3.2.3.RELEASE.jar
2015-06-26 21:44:40,997 [Worker-15] INFO  o.e.m.c.i.e.AbstractTransferListenerAdapter - Downloaded http://repo.maven.apache.org/maven2/org/springframework/spring-core/3.2.3.RELEASE/spring-core-3.2.3.RELEASE.jar
2015-06-26 21:44:41,251 [Worker-15] INFO  o.e.m.c.i.e.AbstractTransferListenerAdapter - Downloading http://repo.maven.apache.org/maven2/org/springframework/spring-beans/3.2.3.RELEASE/spring-beans-3.2.3.RELEASE.jar
2015-06-26 21:44:42,419 [Worker-15] INFO  o.e.m.c.i.e.AbstractTransferListenerAdapter - Downloaded http://repo.maven.apache.org/maven2/org/springframework/spring-beans/3.2.3.RELEASE/spring-beans-3.2.3.RELEASE.jar
2015-06-26 21:44:42,678 [Worker-15] INFO  o.e.m.c.i.e.AbstractTransferListenerAdapter - Downloading http://repo.maven.apache.org/maven2/org/springframework/spring-context/3.2.3.RELEASE/spring-context-3.2.3.RELEASE.jar
2015-06-26 21:44:43,969 [Worker-15] INFO  o.e.m.c.i.e.AbstractTransferListenerAdapter - Downloaded http://repo.maven.apache.org/maven2/org/springframework/spring-context/3.2.3.RELEASE/spring-context-3.2.3.RELEASE.jar
2015-06-26 21:44:44,222 [Worker-15] INFO  o.e.m.c.i.e.AbstractTransferListenerAdapter - Downloading http://repo.maven.apache.org/maven2/org/springframework/spring-aop/3.2.3.RELEASE/spring-aop-3.2.3.RELEASE.jar
2015-06-26 21:44:45,279 [Worker-15] INFO  o.e.m.c.i.e.AbstractTransferListenerAdapter - Downloaded http://repo.maven.apache.org/maven2/org/springframework/spring-aop/3.2.3.RELEASE/spring-aop-3.2.3.RELEASE.jar
2015-06-26 21:44:45,532 [Worker-15] INFO  o.e.m.c.i.e.AbstractTransferListenerAdapter - Downloading http://repo.maven.apache.org/maven2/org/springframework/spring-expression/3.2.3.RELEASE/spring-expression-3.2.3.RELEASE.jar
2015-06-26 21:44:46,524 [Worker-15] INFO  o.e.m.c.i.e.AbstractTransferListenerAdapter - Downloaded http://repo.maven.apache.org/maven2/org/springframework/spring-expression/3.2.3.RELEASE/spring-expression-3.2.3.RELEASE.jar
2015-06-26 21:44:46,779 [Worker-15] INFO  o.e.m.c.i.e.AbstractTransferListenerAdapter - Downloading http://repo.maven.apache.org/maven2/org/springframework/spring-web/3.2.3.RELEASE/spring-web-3.2.3.RELEASE.jar
2015-06-26 21:44:48,202 [Worker-15] INFO  o.e.m.c.i.e.AbstractTransferListenerAdapter - Downloaded http://repo.maven.apache.org/maven2/org/springframework/spring-web/3.2.3.RELEASE/spring-web-3.2.3.RELEASE.jar
2015-06-26 21:44:48,451 [Worker-15] INFO  o.e.m.c.i.e.AbstractTransferListenerAdapter - Downloading http://repo.maven.apache.org/maven2/org/apache/geronimo/specs/geronimo-servlet_3.0_spec/1.0/geronimo-servlet_3.0_spec-1.0.jar
2015-06-26 21:44:49,908 [Worker-15] INFO  o.e.m.c.i.e.AbstractTransferListenerAdapter - Downloaded http://repo.maven.apache.org/maven2/org/apache/geronimo/specs/geronimo-servlet_3.0_spec/1.0/geronimo-servlet_3.0_spec-1.0.jar
2015-06-26 21:44:50,224 [Worker-15] WARN  o.e.m.c.i.embedder.EclipseLogger - Failed to dispatch repository event to org.eclipse.m2e.core.internal.embedder.EclipseRepositoryListener: null
2015-06-26 21:44:53,885 [Worker-15] WARN  o.e.m.c.i.embedder.EclipseLogger - Using platform encoding (Cp1252 actually) to copy filtered resources, i.e. build is platform dependent!
2015-06-26 21:44:53,907 [Worker-15] INFO  o.e.m.c.i.embedder.EclipseLogger - Copying 2 resources
2015-06-26 21:44:53,916 [Worker-15] WARN  o.e.m.c.i.embedder.EclipseLogger - Using platform encoding (Cp1252 actually) to copy filtered resources, i.e. build is platform dependent!
2015-06-26 21:44:53,917 [Worker-15] INFO  o.e.m.c.i.embedder.EclipseLogger - skip non existing resourceDirectory C:\Users\vebitot\git\Honalolo\src\test\resources
2015-06-26 21:44:54,585 [Worker-18] INFO  o.e.m.c.i.l.LifecycleMappingFactory - Using org.maven.ide.eclipse.wtp.WarLifecycleMapping lifecycle mapping for MavenProject: honalolo:honalolo:0.0.1-SNAPSHOT @ C:\Users\vebitot\git\Honalolo\pom.xml.
2015-06-26 21:44:55,646 [Worker-18] INFO  o.e.m.c.i.l.LifecycleMappingFactory - Using org.maven.ide.eclipse.wtp.WarLifecycleMapping lifecycle mapping for MavenProject: honalolo:honalolo:0.0.1-SNAPSHOT @ C:\Users\vebitot\git\Honalolo\pom.xml.
2015-06-26 21:44:56,007 [Worker-15] WARN  o.e.m.c.i.embedder.EclipseLogger - Using platform encoding (Cp1252 actually) to copy filtered resources, i.e. build is platform dependent!
2015-06-26 21:44:56,010 [Worker-15] INFO  o.e.m.c.i.embedder.EclipseLogger - Copying 0 resource
2015-06-26 21:44:56,012 [Worker-15] WARN  o.e.m.c.i.embedder.EclipseLogger - Using platform encoding (Cp1252 actually) to copy filtered resources, i.e. build is platform dependent!
2015-06-26 21:44:56,013 [Worker-15] INFO  o.e.m.c.i.embedder.EclipseLogger - skip non existing resourceDirectory C:\Users\vebitot\git\Honalolo\src\test\resources
2015-06-26 21:45:06,295 [Worker-16] WARN  o.e.m.c.i.embedder.EclipseLogger - Using platform encoding (Cp1252 actually) to copy filtered resources, i.e. build is platform dependent!
2015-06-26 21:45:06,297 [Worker-16] INFO  o.e.m.c.i.embedder.EclipseLogger - Copying 0 resource
2015-06-26 21:45:06,299 [Worker-16] WARN  o.e.m.c.i.embedder.EclipseLogger - Using platform encoding (Cp1252 actually) to copy filtered resources, i.e. build is platform dependent!
2015-06-26 21:45:06,299 [Worker-16] INFO  o.e.m.c.i.embedder.EclipseLogger - skip non existing resourceDirectory C:\Users\vebitot\git\Honalolo\src\test\resources
2015-06-26 21:45:46,223 [main] INFO  o.e.m2e.actions.ExecutePomAction - Creating new launch configuration
2015-06-26 21:46:03,804 [Worker-14] INFO  o.e.m.i.launch.MavenLaunchDelegate - C:\Users\vebitot\git\Honalolo
2015-06-26 21:46:03,804 [Worker-14] INFO  o.e.m.i.launch.MavenLaunchDelegate -  mvn  -B -Dmaven.test.skip=true -DskipTests clean package
2015-06-26 21:48:16,891 [Worker-16] WARN  o.e.m.c.i.embedder.EclipseLogger - Using platform encoding (Cp1252 actually) to copy filtered resources, i.e. build is platform dependent!
2015-06-26 21:48:16,894 [Worker-16] INFO  o.e.m.c.i.embedder.EclipseLogger - Copying 0 resource
2015-06-26 21:48:16,896 [Worker-16] WARN  o.e.m.c.i.embedder.EclipseLogger - Using platform encoding (Cp1252 actually) to copy filtered resources, i.e. build is platform dependent!
2015-06-26 21:48:16,897 [Worker-16] INFO  o.e.m.c.i.embedder.EclipseLogger - skip non existing resourceDirectory C:\Users\vebitot\git\Honalolo\src\test\resources
2015-06-26 21:48:17,138 [Worker-12] WARN  o.e.m.c.i.embedder.EclipseLogger - Using platform encoding (Cp1252 actually) to copy filtered resources, i.e. build is platform dependent!
2015-06-26 21:48:17,144 [Worker-12] INFO  o.e.m.c.i.embedder.EclipseLogger - Copying 2 resources
2015-06-26 21:48:17,146 [Worker-12] WARN  o.e.m.c.i.embedder.EclipseLogger - Using platform encoding (Cp1252 actually) to copy filtered resources, i.e. build is platform dependent!
2015-06-26 21:48:17,147 [Worker-12] INFO  o.e.m.c.i.embedder.EclipseLogger - skip non existing resourceDirectory C:\Users\vebitot\git\Honalolo\src\test\resources
2015-06-26 21:48:18,245 [Worker-18] WARN  o.e.m.c.i.embedder.EclipseLogger - Using platform encoding (Cp1252 actually) to copy filtered resources, i.e. build is platform dependent!
2015-06-26 21:48:18,247 [Worker-18] INFO  o.e.m.c.i.embedder.EclipseLogger - Copying 0 resource
2015-06-26 21:48:18,248 [Worker-18] WARN  o.e.m.c.i.embedder.EclipseLogger - Using platform encoding (Cp1252 actually) to copy filtered resources, i.e. build is platform dependent!
2015-06-26 21:48:18,249 [Worker-18] INFO  o.e.m.c.i.embedder.EclipseLogger - skip non existing resourceDirectory C:\Users\vebitot\git\Honalolo\src\test\resources
2015-06-26 22:03:29,711 [Worker-25] INFO  o.e.m.c.i.l.LifecycleMappingFactory - Using org.eclipse.m2e.jdt.JarLifecycleMapping lifecycle mapping for MavenProject: com.smartek.smartmed:datamodels:0.0.1-SNAPSHOT @ F:\Internal\MedicalApp\datamodels\pom.xml.
2015-06-26 22:03:29,927 [Worker-25] INFO  o.e.m.j.i.AbstractJavaProjectConfigurator - Adding source folder /datamodels/src/main/java
2015-06-26 22:03:29,927 [Worker-25] INFO  o.e.m.j.i.AbstractJavaProjectConfigurator - Adding resource folder /datamodels/src/main/resources
2015-06-26 22:03:29,928 [Worker-25] INFO  o.e.m.j.i.AbstractJavaProjectConfigurator - Adding source folder /datamodels/src/test/java
2015-06-26 22:03:29,928 [Worker-25] INFO  o.e.m.j.i.AbstractJavaProjectConfigurator - Adding resource folder /datamodels/src/test/resources
2015-06-26 22:03:30,465 [Worker-9] INFO  o.e.m.c.i.l.LifecycleMappingFactory - Using org.eclipse.m2e.jdt.JarLifecycleMapping lifecycle mapping for MavenProject: com.smartek.smartmed:datamodels:0.0.1-SNAPSHOT @ F:\Internal\MedicalApp\datamodels\pom.xml.
2015-06-26 22:03:30,627 [Worker-9] WARN  o.e.m.c.i.embedder.EclipseLogger - Using platform encoding (Cp1252 actually) to copy filtered resources, i.e. build is platform dependent!
2015-06-26 22:03:30,629 [Worker-9] INFO  o.e.m.c.i.embedder.EclipseLogger - Copying 0 resource
2015-06-26 22:03:30,631 [Worker-9] WARN  o.e.m.c.i.embedder.EclipseLogger - Using platform encoding (Cp1252 actually) to copy filtered resources, i.e. build is platform dependent!
2015-06-26 22:03:30,632 [Worker-9] INFO  o.e.m.c.i.embedder.EclipseLogger - Copying 0 resource
2015-06-26 22:03:31,212 [Worker-28] INFO  o.e.m.c.i.l.LifecycleMappingFactory - Using org.eclipse.m2e.jdt.JarLifecycleMapping lifecycle mapping for MavenProject: com.smartek.smartmed:datamodels:0.0.1-SNAPSHOT @ F:\Internal\MedicalApp\datamodels\pom.xml.
2015-06-26 22:03:31,694 [Worker-24] WARN  o.e.m.c.i.embedder.EclipseLogger - Using platform encoding (Cp1252 actually) to copy filtered resources, i.e. build is platform dependent!
2015-06-26 22:03:31,695 [Worker-24] INFO  o.e.m.c.i.embedder.EclipseLogger - Copying 0 resource
2015-06-26 22:03:31,696 [Worker-24] WARN  o.e.m.c.i.embedder.EclipseLogger - Using platform encoding (Cp1252 actually) to copy filtered resources, i.e. build is platform dependent!
2015-06-26 22:03:31,697 [Worker-24] INFO  o.e.m.c.i.embedder.EclipseLogger - Copying 0 resource
2015-06-26 22:03:41,423 [Worker-29] WARN  o.e.m.c.i.embedder.EclipseLogger - Using platform encoding (Cp1252 actually) to copy filtered resources, i.e. build is platform dependent!
2015-06-26 22:03:41,425 [Worker-29] INFO  o.e.m.c.i.embedder.EclipseLogger - Copying 0 resource
2015-06-26 22:03:41,426 [Worker-29] WARN  o.e.m.c.i.embedder.EclipseLogger - Using platform encoding (Cp1252 actually) to copy filtered resources, i.e. build is platform dependent!
2015-06-26 22:03:41,428 [Worker-29] INFO  o.e.m.c.i.embedder.EclipseLogger - Copying 0 resource
2015-06-26 22:04:00,605 [Worker-24] INFO  o.e.m.c.i.l.LifecycleMappingFactory - Using org.eclipse.m2e.jdt.JarLifecycleMapping lifecycle mapping for MavenProject: com.smartek.smartmed:datamodels:0.0.1-SNAPSHOT @ F:\Internal\MedicalApp\datamodels\pom.xml.
2015-06-26 22:04:00,641 [Worker-24] WARN  o.e.m.c.i.embedder.EclipseLogger - Using platform encoding (Cp1252 actually) to copy filtered resources, i.e. build is platform dependent!
2015-06-26 22:04:00,642 [Worker-24] INFO  o.e.m.c.i.embedder.EclipseLogger - Copying 0 resource
2015-06-26 22:04:00,644 [Worker-24] WARN  o.e.m.c.i.embedder.EclipseLogger - Using platform encoding (Cp1252 actually) to copy filtered resources, i.e. build is platform dependent!
2015-06-26 22:04:00,644 [Worker-24] INFO  o.e.m.c.i.embedder.EclipseLogger - Copying 0 resource
2015-06-26 22:05:19,769 [Worker-24] INFO  o.e.m.c.i.l.LifecycleMappingFactory - Using org.eclipse.m2e.jdt.JarLifecycleMapping lifecycle mapping for MavenProject: com.smartek.smartmed:datamodels:0.0.1-SNAPSHOT @ F:\Internal\MedicalApp\datamodels\pom.xml.
2015-06-26 22:05:20,116 [Worker-26] INFO  o.e.m.c.i.e.AbstractTransferListenerAdapter - Downloading http://repo.maven.apache.org/maven2/org/mongodb/mongo-java-driver/3.0.2/mongo-java-driver-3.0.2.pom
2015-06-26 22:05:20,372 [Worker-26] INFO  o.e.m.c.i.e.AbstractTransferListenerAdapter - Downloaded http://repo.maven.apache.org/maven2/org/mongodb/mongo-java-driver/3.0.2/mongo-java-driver-3.0.2.pom
2015-06-26 22:05:20,646 [Worker-26] INFO  o.e.m.c.i.e.AbstractTransferListenerAdapter - Downloading http://repo.maven.apache.org/maven2/org/mongodb/mongo-java-driver/3.0.2/mongo-java-driver-3.0.2.jar
2015-06-26 22:05:31,515 [Worker-26] INFO  o.e.m.c.i.e.AbstractTransferListenerAdapter - Downloaded http://repo.maven.apache.org/maven2/org/mongodb/mongo-java-driver/3.0.2/mongo-java-driver-3.0.2.jar
2015-06-26 22:05:31,681 [Worker-24] WARN  o.e.m.c.i.embedder.EclipseLogger - Using platform encoding (Cp1252 actually) to copy filtered resources, i.e. build is platform dependent!
2015-06-26 22:05:31,682 [Worker-24] INFO  o.e.m.c.i.embedder.EclipseLogger - Copying 0 resource
2015-06-26 22:05:31,683 [Worker-24] WARN  o.e.m.c.i.embedder.EclipseLogger - Using platform encoding (Cp1252 actually) to copy filtered resources, i.e. build is platform dependent!
2015-06-26 22:05:31,684 [Worker-24] INFO  o.e.m.c.i.embedder.EclipseLogger - Copying 0 resource
2015-06-26 22:05:31,970 [Worker-24] INFO  o.e.m.c.i.l.LifecycleMappingFactory - Using org.eclipse.m2e.jdt.JarLifecycleMapping lifecycle mapping for MavenProject: com.smartek.smartmed:datamodels:0.0.1-SNAPSHOT @ F:\Internal\MedicalApp\datamodels\pom.xml.
2015-06-26 22:05:32,041 [Worker-24] WARN  o.e.m.c.i.embedder.EclipseLogger - Using platform encoding (Cp1252 actually) to copy filtered resources, i.e. build is platform dependent!
2015-06-26 22:05:32,043 [Worker-24] INFO  o.e.m.c.i.embedder.EclipseLogger - Copying 0 resource
2015-06-26 22:05:32,044 [Worker-24] WARN  o.e.m.c.i.embedder.EclipseLogger - Using platform encoding (Cp1252 actually) to copy filtered resources, i.e. build is platform dependent!
2015-06-26 22:05:32,046 [Worker-24] INFO  o.e.m.c.i.embedder.EclipseLogger - Copying 0 resource
2015-06-26 22:05:36,022 [Worker-26] INFO  o.e.m.c.i.l.LifecycleMappingFactory - Using org.eclipse.m2e.jdt.JarLifecycleMapping lifecycle mapping for MavenProject: com.smartek.smartmed:datamodels:0.0.1-SNAPSHOT @ F:\Internal\MedicalApp\datamodels\pom.xml.
2015-06-26 22:05:36,066 [Worker-26] WARN  o.e.m.c.i.embedder.EclipseLogger - Using platform encoding (Cp1252 actually) to copy filtered resources, i.e. build is platform dependent!
2015-06-26 22:05:36,067 [Worker-26] INFO  o.e.m.c.i.embedder.EclipseLogger - Copying 0 resource
2015-06-26 22:05:36,069 [Worker-26] WARN  o.e.m.c.i.embedder.EclipseLogger - Using platform encoding (Cp1252 actually) to copy filtered resources, i.e. build is platform dependent!
2015-06-26 22:05:36,070 [Worker-26] INFO  o.e.m.c.i.embedder.EclipseLogger - Copying 0 resource
2015-06-26 22:05:46,085 [main] INFO  o.e.m2e.actions.ExecutePomAction - Creating new launch configuration
2015-06-26 22:05:58,676 [Worker-24] INFO  o.e.m.i.launch.MavenLaunchDelegate - F:\Internal\MedicalApp\datamodels
2015-06-26 22:05:58,676 [Worker-24] INFO  o.e.m.i.launch.MavenLaunchDelegate -  mvn  -B -Dmaven.test.skip=true -DskipTests clean install
2015-06-26 22:06:19,796 [main] INFO  o.e.m2e.actions.ExecutePomAction - Using existing launch configuration
2015-06-26 22:06:19,850 [Worker-29] INFO  o.e.m.i.launch.MavenLaunchDelegate - F:\Internal\MedicalApp\datamodels
2015-06-26 22:06:19,850 [Worker-29] INFO  o.e.m.i.launch.MavenLaunchDelegate -  mvn  -B -Dmaven.test.skip=true -DskipTests clean install
2015-06-26 22:07:23,915 [Worker-30] WARN  o.e.m.c.i.embedder.EclipseLogger - Using platform encoding (Cp1252 actually) to copy filtered resources, i.e. build is platform dependent!
2015-06-26 22:07:23,917 [Worker-30] INFO  o.e.m.c.i.embedder.EclipseLogger - Copying 0 resource
2015-06-26 22:07:23,920 [Worker-30] WARN  o.e.m.c.i.embedder.EclipseLogger - Using platform encoding (Cp1252 actually) to copy filtered resources, i.e. build is platform dependent!
2015-06-26 22:07:23,922 [Worker-30] INFO  o.e.m.c.i.embedder.EclipseLogger - Copying 0 resource
2015-06-26 22:07:39,308 [Worker-22] WARN  o.e.m.c.i.embedder.EclipseLogger - Using platform encoding (Cp1252 actually) to copy filtered resources, i.e. build is platform dependent!
2015-06-26 22:07:39,310 [Worker-22] INFO  o.e.m.c.i.embedder.EclipseLogger - Copying 0 resource
2015-06-26 22:07:39,311 [Worker-22] WARN  o.e.m.c.i.embedder.EclipseLogger - Using platform encoding (Cp1252 actually) to copy filtered resources, i.e. build is platform dependent!
2015-06-26 22:07:39,312 [Worker-22] INFO  o.e.m.c.i.embedder.EclipseLogger - Copying 0 resource
2015-06-26 22:07:58,944 [Worker-24] WARN  o.e.m.c.i.embedder.EclipseLogger - Using platform encoding (Cp1252 actually) to copy filtered resources, i.e. build is platform dependent!
2015-06-26 22:07:58,946 [Worker-24] INFO  o.e.m.c.i.embedder.EclipseLogger - Copying 0 resource
2015-06-26 22:07:58,948 [Worker-24] WARN  o.e.m.c.i.embedder.EclipseLogger - Using platform encoding (Cp1252 actually) to copy filtered resources, i.e. build is platform dependent!
2015-06-26 22:07:58,949 [Worker-24] INFO  o.e.m.c.i.embedder.EclipseLogger - Copying 0 resource
2015-06-26 22:08:07,873 [Worker-30] WARN  o.e.m.c.i.embedder.EclipseLogger - Using platform encoding (Cp1252 actually) to copy filtered resources, i.e. build is platform dependent!
2015-06-26 22:08:07,874 [Worker-30] INFO  o.e.m.c.i.embedder.EclipseLogger - Copying 0 resource
2015-06-26 22:08:07,875 [Worker-30] WARN  o.e.m.c.i.embedder.EclipseLogger - Using platform encoding (Cp1252 actually) to copy filtered resources, i.e. build is platform dependent!
2015-06-26 22:08:07,876 [Worker-30] INFO  o.e.m.c.i.embedder.EclipseLogger - Copying 0 resource
2015-06-26 22:08:13,540 [Worker-29] WARN  o.e.m.c.i.embedder.EclipseLogger - Using platform encoding (Cp1252 actually) to copy filtered resources, i.e. build is platform dependent!
2015-06-26 22:08:13,541 [Worker-29] INFO  o.e.m.c.i.embedder.EclipseLogger - Copying 0 resource
2015-06-26 22:08:13,545 [Worker-29] WARN  o.e.m.c.i.embedder.EclipseLogger - Using platform encoding (Cp1252 actually) to copy filtered resources, i.e. build is platform dependent!
2015-06-26 22:08:13,547 [Worker-29] INFO  o.e.m.c.i.embedder.EclipseLogger - Copying 0 resource
2015-06-26 22:08:25,810 [Worker-24] WARN  o.e.m.c.i.embedder.EclipseLogger - Using platform encoding (Cp1252 actually) to copy filtered resources, i.e. build is platform dependent!
2015-06-26 22:08:25,812 [Worker-24] INFO  o.e.m.c.i.embedder.EclipseLogger - Copying 0 resource
2015-06-26 22:08:25,813 [Worker-24] WARN  o.e.m.c.i.embedder.EclipseLogger - Using platform encoding (Cp1252 actually) to copy filtered resources, i.e. build is platform dependent!
2015-06-26 22:08:25,814 [Worker-24] INFO  o.e.m.c.i.embedder.EclipseLogger - Copying 0 resource
2015-06-26 22:09:02,239 [Worker-24] WARN  o.e.m.c.i.embedder.EclipseLogger - Using platform encoding (Cp1252 actually) to copy filtered resources, i.e. build is platform dependent!
2015-06-26 22:09:02,240 [Worker-24] INFO  o.e.m.c.i.embedder.EclipseLogger - Copying 0 resource
2015-06-26 22:09:02,241 [Worker-24] WARN  o.e.m.c.i.embedder.EclipseLogger - Using platform encoding (Cp1252 actually) to copy filtered resources, i.e. build is platform dependent!
2015-06-26 22:09:02,242 [Worker-24] INFO  o.e.m.c.i.embedder.EclipseLogger - Copying 0 resource
2015-06-26 22:09:42,442 [Worker-24] WARN  o.e.m.c.i.embedder.EclipseLogger - Using platform encoding (Cp1252 actually) to copy filtered resources, i.e. build is platform dependent!
2015-06-26 22:09:42,443 [Worker-24] INFO  o.e.m.c.i.embedder.EclipseLogger - Copying 0 resource
2015-06-26 22:09:42,444 [Worker-24] WARN  o.e.m.c.i.embedder.EclipseLogger - Using platform encoding (Cp1252 actually) to copy filtered resources, i.e. build is platform dependent!
2015-06-26 22:09:42,445 [Worker-24] INFO  o.e.m.c.i.embedder.EclipseLogger - Copying 0 resource
2015-06-26 22:10:24,264 [Worker-28] WARN  o.e.m.c.i.embedder.EclipseLogger - Using platform encoding (Cp1252 actually) to copy filtered resources, i.e. build is platform dependent!
2015-06-26 22:10:24,265 [Worker-28] INFO  o.e.m.c.i.embedder.EclipseLogger - Copying 0 resource
2015-06-26 22:10:24,268 [Worker-28] WARN  o.e.m.c.i.embedder.EclipseLogger - Using platform encoding (Cp1252 actually) to copy filtered resources, i.e. build is platform dependent!
2015-06-26 22:10:24,268 [Worker-28] INFO  o.e.m.c.i.embedder.EclipseLogger - Copying 0 resource
2015-06-26 22:10:48,091 [Worker-29] WARN  o.e.m.c.i.embedder.EclipseLogger - Using platform encoding (Cp1252 actually) to copy filtered resources, i.e. build is platform dependent!
2015-06-26 22:10:48,092 [Worker-29] INFO  o.e.m.c.i.embedder.EclipseLogger - Copying 0 resource
2015-06-26 22:10:48,094 [Worker-29] WARN  o.e.m.c.i.embedder.EclipseLogger - Using platform encoding (Cp1252 actually) to copy filtered resources, i.e. build is platform dependent!
2015-06-26 22:10:48,095 [Worker-29] INFO  o.e.m.c.i.embedder.EclipseLogger - Copying 0 resource
2015-06-26 22:10:50,752 [Worker-29] WARN  o.e.m.c.i.embedder.EclipseLogger - Using platform encoding (Cp1252 actually) to copy filtered resources, i.e. build is platform dependent!
2015-06-26 22:10:50,754 [Worker-29] INFO  o.e.m.c.i.embedder.EclipseLogger - Copying 0 resource
2015-06-26 22:10:50,755 [Worker-29] WARN  o.e.m.c.i.embedder.EclipseLogger - Using platform encoding (Cp1252 actually) to copy filtered resources, i.e. build is platform dependent!
2015-06-26 22:10:50,756 [Worker-29] INFO  o.e.m.c.i.embedder.EclipseLogger - Copying 0 resource
2015-06-26 22:10:53,526 [Worker-9] WARN  o.e.m.c.i.embedder.EclipseLogger - Using platform encoding (Cp1252 actually) to copy filtered resources, i.e. build is platform dependent!
2015-06-26 22:10:53,527 [Worker-9] INFO  o.e.m.c.i.embedder.EclipseLogger - Copying 0 resource
2015-06-26 22:10:53,530 [Worker-9] WARN  o.e.m.c.i.embedder.EclipseLogger - Using platform encoding (Cp1252 actually) to copy filtered resources, i.e. build is platform dependent!
2015-06-26 22:10:53,531 [Worker-9] INFO  o.e.m.c.i.embedder.EclipseLogger - Copying 0 resource
2015-06-26 22:10:57,706 [Worker-31] WARN  o.e.m.c.i.embedder.EclipseLogger - Using platform encoding (Cp1252 actually) to copy filtered resources, i.e. build is platform dependent!
2015-06-26 22:10:57,708 [Worker-31] INFO  o.e.m.c.i.embedder.EclipseLogger - Copying 0 resource
2015-06-26 22:10:57,712 [Worker-31] WARN  o.e.m.c.i.embedder.EclipseLogger - Using platform encoding (Cp1252 actually) to copy filtered resources, i.e. build is platform dependent!
2015-06-26 22:10:57,712 [Worker-31] INFO  o.e.m.c.i.embedder.EclipseLogger - Copying 0 resource
2015-06-26 22:11:48,939 [Worker-30] WARN  o.e.m.c.i.embedder.EclipseLogger - Using platform encoding (Cp1252 actually) to copy filtered resources, i.e. build is platform dependent!
2015-06-26 22:11:48,940 [Worker-30] INFO  o.e.m.c.i.embedder.EclipseLogger - Copying 0 resource
2015-06-26 22:11:48,941 [Worker-30] WARN  o.e.m.c.i.embedder.EclipseLogger - Using platform encoding (Cp1252 actually) to copy filtered resources, i.e. build is platform dependent!
2015-06-26 22:11:48,942 [Worker-30] INFO  o.e.m.c.i.embedder.EclipseLogger - Copying 0 resource
2015-06-26 22:11:53,723 [Worker-26] WARN  o.e.m.c.i.embedder.EclipseLogger - Using platform encoding (Cp1252 actually) to copy filtered resources, i.e. build is platform dependent!
2015-06-26 22:11:53,724 [Worker-26] INFO  o.e.m.c.i.embedder.EclipseLogger - Copying 0 resource
2015-06-26 22:11:53,725 [Worker-26] WARN  o.e.m.c.i.embedder.EclipseLogger - Using platform encoding (Cp1252 actually) to copy filtered resources, i.e. build is platform dependent!
2015-06-26 22:11:53,726 [Worker-26] INFO  o.e.m.c.i.embedder.EclipseLogger - Copying 0 resource
2015-06-26 22:12:38,272 [Worker-29] WARN  o.e.m.c.i.embedder.EclipseLogger - Using platform encoding (Cp1252 actually) to copy filtered resources, i.e. build is platform dependent!
2015-06-26 22:12:38,274 [Worker-29] INFO  o.e.m.c.i.embedder.EclipseLogger - Copying 0 resource
2015-06-26 22:12:38,277 [Worker-29] WARN  o.e.m.c.i.embedder.EclipseLogger - Using platform encoding (Cp1252 actually) to copy filtered resources, i.e. build is platform dependent!
2015-06-26 22:12:38,279 [Worker-29] INFO  o.e.m.c.i.embedder.EclipseLogger - Copying 0 resource
2015-06-26 22:12:40,375 [Worker-22] WARN  o.e.m.c.i.embedder.EclipseLogger - Using platform encoding (Cp1252 actually) to copy filtered resources, i.e. build is platform dependent!
2015-06-26 22:12:40,377 [Worker-22] INFO  o.e.m.c.i.embedder.EclipseLogger - Copying 0 resource
2015-06-26 22:12:40,378 [Worker-22] WARN  o.e.m.c.i.embedder.EclipseLogger - Using platform encoding (Cp1252 actually) to copy filtered resources, i.e. build is platform dependent!
2015-06-26 22:12:40,379 [Worker-22] INFO  o.e.m.c.i.embedder.EclipseLogger - Copying 0 resource
2015-06-26 22:12:43,424 [Worker-22] WARN  o.e.m.c.i.embedder.EclipseLogger - Using platform encoding (Cp1252 actually) to copy filtered resources, i.e. build is platform dependent!
2015-06-26 22:12:43,426 [Worker-22] INFO  o.e.m.c.i.embedder.EclipseLogger - Copying 0 resource
2015-06-26 22:12:43,427 [Worker-22] WARN  o.e.m.c.i.embedder.EclipseLogger - Using platform encoding (Cp1252 actually) to copy filtered resources, i.e. build is platform dependent!
2015-06-26 22:12:43,428 [Worker-22] INFO  o.e.m.c.i.embedder.EclipseLogger - Copying 0 resource
2015-06-26 22:13:18,971 [Worker-22] WARN  o.e.m.c.i.embedder.EclipseLogger - Using platform encoding (Cp1252 actually) to copy filtered resources, i.e. build is platform dependent!
2015-06-26 22:13:18,972 [Worker-22] INFO  o.e.m.c.i.embedder.EclipseLogger - Copying 0 resource
2015-06-26 22:13:18,974 [Worker-22] WARN  o.e.m.c.i.embedder.EclipseLogger - Using platform encoding (Cp1252 actually) to copy filtered resources, i.e. build is platform dependent!
2015-06-26 22:13:18,976 [Worker-22] INFO  o.e.m.c.i.embedder.EclipseLogger - Copying 0 resource
2015-06-26 22:13:27,891 [Worker-32] WARN  o.e.m.c.i.embedder.EclipseLogger - Using platform encoding (Cp1252 actually) to copy filtered resources, i.e. build is platform dependent!
2015-06-26 22:13:27,892 [Worker-32] INFO  o.e.m.c.i.embedder.EclipseLogger - Copying 0 resource
2015-06-26 22:13:27,893 [Worker-32] WARN  o.e.m.c.i.embedder.EclipseLogger - Using platform encoding (Cp1252 actually) to copy filtered resources, i.e. build is platform dependent!
2015-06-26 22:13:27,895 [Worker-32] INFO  o.e.m.c.i.embedder.EclipseLogger - Copying 0 resource
2015-06-26 22:13:40,624 [Worker-30] WARN  o.e.m.c.i.embedder.EclipseLogger - Using platform encoding (Cp1252 actually) to copy filtered resources, i.e. build is platform dependent!
2015-06-26 22:13:40,626 [Worker-30] INFO  o.e.m.c.i.embedder.EclipseLogger - Copying 0 resource
2015-06-26 22:13:40,627 [Worker-30] WARN  o.e.m.c.i.embedder.EclipseLogger - Using platform encoding (Cp1252 actually) to copy filtered resources, i.e. build is platform dependent!
2015-06-26 22:13:40,628 [Worker-30] INFO  o.e.m.c.i.embedder.EclipseLogger - Copying 0 resource
2015-06-26 22:14:02,132 [Worker-22] WARN  o.e.m.c.i.embedder.EclipseLogger - Using platform encoding (Cp1252 actually) to copy filtered resources, i.e. build is platform dependent!
2015-06-26 22:14:02,133 [Worker-22] INFO  o.e.m.c.i.embedder.EclipseLogger - Copying 0 resource
2015-06-26 22:14:02,134 [Worker-22] WARN  o.e.m.c.i.embedder.EclipseLogger - Using platform encoding (Cp1252 actually) to copy filtered resources, i.e. build is platform dependent!
2015-06-26 22:14:02,135 [Worker-22] INFO  o.e.m.c.i.embedder.EclipseLogger - Copying 0 resource
2015-06-26 22:14:15,716 [Worker-9] WARN  o.e.m.c.i.embedder.EclipseLogger - Using platform encoding (Cp1252 actually) to copy filtered resources, i.e. build is platform dependent!
2015-06-26 22:14:15,717 [Worker-9] INFO  o.e.m.c.i.embedder.EclipseLogger - Copying 0 resource
2015-06-26 22:14:15,717 [Worker-9] WARN  o.e.m.c.i.embedder.EclipseLogger - Using platform encoding (Cp1252 actually) to copy filtered resources, i.e. build is platform dependent!
2015-06-26 22:14:15,718 [Worker-9] INFO  o.e.m.c.i.embedder.EclipseLogger - Copying 0 resource
2015-06-26 22:14:21,261 [Worker-31] WARN  o.e.m.c.i.embedder.EclipseLogger - Using platform encoding (Cp1252 actually) to copy filtered resources, i.e. build is platform dependent!
2015-06-26 22:14:21,263 [Worker-31] INFO  o.e.m.c.i.embedder.EclipseLogger - Copying 0 resource
2015-06-26 22:14:21,265 [Worker-31] WARN  o.e.m.c.i.embedder.EclipseLogger - Using platform encoding (Cp1252 actually) to copy filtered resources, i.e. build is platform dependent!
2015-06-26 22:14:21,276 [Worker-31] INFO  o.e.m.c.i.embedder.EclipseLogger - Copying 0 resource
2015-06-26 22:14:36,587 [Worker-30] WARN  o.e.m.c.i.embedder.EclipseLogger - Using platform encoding (Cp1252 actually) to copy filtered resources, i.e. build is platform dependent!
2015-06-26 22:14:36,587 [Worker-30] INFO  o.e.m.c.i.embedder.EclipseLogger - Copying 0 resource
2015-06-26 22:14:36,588 [Worker-30] WARN  o.e.m.c.i.embedder.EclipseLogger - Using platform encoding (Cp1252 actually) to copy filtered resources, i.e. build is platform dependent!
2015-06-26 22:14:36,589 [Worker-30] INFO  o.e.m.c.i.embedder.EclipseLogger - Copying 0 resource
2015-06-26 22:15:10,575 [Worker-31] WARN  o.e.m.c.i.embedder.EclipseLogger - Using platform encoding (Cp1252 actually) to copy filtered resources, i.e. build is platform dependent!
2015-06-26 22:15:10,576 [Worker-31] INFO  o.e.m.c.i.embedder.EclipseLogger - Copying 0 resource
2015-06-26 22:15:10,577 [Worker-31] WARN  o.e.m.c.i.embedder.EclipseLogger - Using platform encoding (Cp1252 actually) to copy filtered resources, i.e. build is platform dependent!
2015-06-26 22:15:10,578 [Worker-31] INFO  o.e.m.c.i.embedder.EclipseLogger - Copying 0 resource
2015-06-26 22:15:48,552 [Worker-26] WARN  o.e.m.c.i.embedder.EclipseLogger - Using platform encoding (Cp1252 actually) to copy filtered resources, i.e. build is platform dependent!
2015-06-26 22:15:48,553 [Worker-26] INFO  o.e.m.c.i.embedder.EclipseLogger - Copying 0 resource
2015-06-26 22:15:48,554 [Worker-26] WARN  o.e.m.c.i.embedder.EclipseLogger - Using platform encoding (Cp1252 actually) to copy filtered resources, i.e. build is platform dependent!
2015-06-26 22:15:48,555 [Worker-26] INFO  o.e.m.c.i.embedder.EclipseLogger - Copying 0 resource
2015-06-26 22:16:12,466 [Worker-28] WARN  o.e.m.c.i.embedder.EclipseLogger - Using platform encoding (Cp1252 actually) to copy filtered resources, i.e. build is platform dependent!
2015-06-26 22:16:12,467 [Worker-28] INFO  o.e.m.c.i.embedder.EclipseLogger - Copying 0 resource
2015-06-26 22:16:12,469 [Worker-28] WARN  o.e.m.c.i.embedder.EclipseLogger - Using platform encoding (Cp1252 actually) to copy filtered resources, i.e. build is platform dependent!
2015-06-26 22:16:12,470 [Worker-28] INFO  o.e.m.c.i.embedder.EclipseLogger - Copying 0 resource
2015-06-26 22:34:54,116 [Worker-9] WARN  o.e.m.c.i.embedder.EclipseLogger - Using platform encoding (Cp1252 actually) to copy filtered resources, i.e. build is platform dependent!
2015-06-26 22:34:54,117 [Worker-9] INFO  o.e.m.c.i.embedder.EclipseLogger - Copying 0 resource
2015-06-26 22:34:54,118 [Worker-9] WARN  o.e.m.c.i.embedder.EclipseLogger - Using platform encoding (Cp1252 actually) to copy filtered resources, i.e. build is platform dependent!
2015-06-26 22:34:54,120 [Worker-9] INFO  o.e.m.c.i.embedder.EclipseLogger - Copying 0 resource
2015-06-26 22:35:02,923 [Worker-9] WARN  o.e.m.c.i.embedder.EclipseLogger - Using platform encoding (Cp1252 actually) to copy filtered resources, i.e. build is platform dependent!
2015-06-26 22:35:02,924 [Worker-9] INFO  o.e.m.c.i.embedder.EclipseLogger - Copying 0 resource
2015-06-26 22:35:02,926 [Worker-9] WARN  o.e.m.c.i.embedder.EclipseLogger - Using platform encoding (Cp1252 actually) to copy filtered resources, i.e. build is platform dependent!
2015-06-26 22:35:02,927 [Worker-9] INFO  o.e.m.c.i.embedder.EclipseLogger - Copying 0 resource
2015-06-26 22:35:05,721 [Worker-35] WARN  o.e.m.c.i.embedder.EclipseLogger - Using platform encoding (Cp1252 actually) to copy filtered resources, i.e. build is platform dependent!
2015-06-26 22:35:05,722 [Worker-35] INFO  o.e.m.c.i.embedder.EclipseLogger - Copying 0 resource
2015-06-26 22:35:05,723 [Worker-35] WARN  o.e.m.c.i.embedder.EclipseLogger - Using platform encoding (Cp1252 actually) to copy filtered resources, i.e. build is platform dependent!
2015-06-26 22:35:05,724 [Worker-35] INFO  o.e.m.c.i.embedder.EclipseLogger - Copying 0 resource
